<?xml version="1.0" encoding="UTF-8"?>
<testng-results skipped="0" failed="0" ignored="0" total="0" passed="0">
  <reporter-output>
  </reporter-output>
  <suite name="myMavernProject.AppTest" duration-ms="8" started-at="2019-07-11T01:25:03Z" finished-at="2019-07-11T01:25:03Z">
    <groups>
    </groups>
    <test name="Command line test" duration-ms="8" started-at="2019-07-11T01:25:03Z" finished-at="2019-07-11T01:25:03Z">
    </test> <!-- Command line test -->
  </suite> <!-- myMavernProject.AppTest -->
</testng-results>
